<?xml version="1.0" encoding="UTF-8"?>
<testsuite xmlns:xsi="http://www.w3.org/2001/XMLSchema-instance" xsi:noNamespaceSchemaLocation="https://maven.apache.org/surefire/maven-surefire-plugin/xsd/surefire-test-report-3.0.xsd" version="3.0" name="pe.edu.pucp.softinv.bo.TipoDocumentoBOTest" time="0.05" tests="1" errors="0" skipped="0" failures="0">
  <properties>
    <property name="java.specification.version" value="24"/>
    <property name="sun.cpu.isalist" value="amd64"/>
    <property name="sun.jnu.encoding" value="Cp1252"/>
    <property name="java.class.path" value="D:\GitHubRepositorio\1INF30\0682\sesión 19 - SOAP (2)\Back-End\SoftInvBusiness\target\test-classes;D:\GitHubRepositorio\1INF30\0682\sesión 19 - SOAP (2)\Back-End\SoftInvBusiness\target\classes;C:\Users\amelgar\.m2\repository\pe\edu\pucp\softinv\SoftInvModel\1.0\SoftInvModel-1.0.jar;C:\Users\amelgar\.m2\repository\pe\edu\pucp\softinv\SoftInvPersistance\1.0\SoftInvPersistance-1.0.jar;C:\Users\amelgar\.m2\repository\pe\edu\pucp\softinv\SoftInvDBManager\1.0\SoftInvDBManager-1.0.jar;C:\Users\amelgar\.m2\repository\commons-codec\commons-codec\1.18.0\commons-codec-1.18.0.jar;C:\Users\amelgar\.m2\repository\com\mysql\mysql-connector-j\9.2.0\mysql-connector-j-9.2.0.jar;C:\Users\amelgar\.m2\repository\com\google\protobuf\protobuf-java\4.29.0\protobuf-java-4.29.0.jar;C:\Users\amelgar\.m2\repository\com\microsoft\sqlserver\mssql-jdbc\12.10.0.jre8\mssql-jdbc-12.10.0.jre8.jar;C:\Users\amelgar\.m2\repository\org\junit\jupiter\junit-jupiter-api\5.6.0\junit-jupiter-api-5.6.0.jar;C:\Users\amelgar\.m2\repository\org\apiguardian\apiguardian-api\1.1.0\apiguardian-api-1.1.0.jar;C:\Users\amelgar\.m2\repository\org\opentest4j\opentest4j\1.2.0\opentest4j-1.2.0.jar;C:\Users\amelgar\.m2\repository\org\junit\platform\junit-platform-commons\1.6.0\junit-platform-commons-1.6.0.jar;C:\Users\amelgar\.m2\repository\org\junit\jupiter\junit-jupiter-params\5.6.0\junit-jupiter-params-5.6.0.jar;C:\Users\amelgar\.m2\repository\org\junit\jupiter\junit-jupiter-engine\5.6.0\junit-jupiter-engine-5.6.0.jar;C:\Users\amelgar\.m2\repository\org\junit\platform\junit-platform-engine\1.6.0\junit-platform-engine-1.6.0.jar;"/>
    <property name="java.vm.vendor" value="Oracle Corporation"/>
    <property name="sun.arch.data.model" value="64"/>
    <property name="user.variant" value=""/>
    <property name="java.vendor.url" value="https://java.oracle.com/"/>
    <property name="user.timezone" value="America/Lima"/>
    <property name="os.name" value="Windows 11"/>
    <property name="java.vm.specification.version" value="24"/>
    <property name="user.country" value="PE"/>
    <property name="sun.java.launcher" value="SUN_STANDARD"/>
    <property name="sun.boot.library.path" value="C:\Program Files\Java\jdk-24\bin"/>
    <property name="sun.java.command" value="C:\Users\amelgar\AppData\Local\Temp\surefire7966262407834544468\surefirebooter-20251027084955777_3.jar C:\Users\amelgar\AppData\Local\Temp\surefire7966262407834544468 2025-10-27T08-49-55_630-jvmRun1 surefire-20251027084955777_1tmp surefire_0-20251027084955777_2tmp"/>
    <property name="jdk.debug" value="release"/>
    <property name="surefire.test.class.path" value="D:\GitHubRepositorio\1INF30\0682\sesión 19 - SOAP (2)\Back-End\SoftInvBusiness\target\test-classes;D:\GitHubRepositorio\1INF30\0682\sesión 19 - SOAP (2)\Back-End\SoftInvBusiness\target\classes;C:\Users\amelgar\.m2\repository\pe\edu\pucp\softinv\SoftInvModel\1.0\SoftInvModel-1.0.jar;C:\Users\amelgar\.m2\repository\pe\edu\pucp\softinv\SoftInvPersistance\1.0\SoftInvPersistance-1.0.jar;C:\Users\amelgar\.m2\repository\pe\edu\pucp\softinv\SoftInvDBManager\1.0\SoftInvDBManager-1.0.jar;C:\Users\amelgar\.m2\repository\commons-codec\commons-codec\1.18.0\commons-codec-1.18.0.jar;C:\Users\amelgar\.m2\repository\com\mysql\mysql-connector-j\9.2.0\mysql-connector-j-9.2.0.jar;C:\Users\amelgar\.m2\repository\com\google\protobuf\protobuf-java\4.29.0\protobuf-java-4.29.0.jar;C:\Users\amelgar\.m2\repository\com\microsoft\sqlserver\mssql-jdbc\12.10.0.jre8\mssql-jdbc-12.10.0.jre8.jar;C:\Users\amelgar\.m2\repository\org\junit\jupiter\junit-jupiter-api\5.6.0\junit-jupiter-api-5.6.0.jar;C:\Users\amelgar\.m2\repository\org\apiguardian\apiguardian-api\1.1.0\apiguardian-api-1.1.0.jar;C:\Users\amelgar\.m2\repository\org\opentest4j\opentest4j\1.2.0\opentest4j-1.2.0.jar;C:\Users\amelgar\.m2\repository\org\junit\platform\junit-platform-commons\1.6.0\junit-platform-commons-1.6.0.jar;C:\Users\amelgar\.m2\repository\org\junit\jupiter\junit-jupiter-params\5.6.0\junit-jupiter-params-5.6.0.jar;C:\Users\amelgar\.m2\repository\org\junit\jupiter\junit-jupiter-engine\5.6.0\junit-jupiter-engine-5.6.0.jar;C:\Users\amelgar\.m2\repository\org\junit\platform\junit-platform-engine\1.6.0\junit-platform-engine-1.6.0.jar;"/>
    <property name="sun.cpu.endian" value="little"/>
    <property name="user.home" value="C:\Users\amelgar"/>
    <property name="user.language" value="es"/>
    <property name="java.specification.vendor" value="Oracle Corporation"/>
    <property name="java.version.date" value="2025-07-15"/>
    <property name="java.home" value="C:\Program Files\Java\jdk-24"/>
    <property name="file.separator" value="\"/>
    <property name="basedir" value="D:\GitHubRepositorio\1INF30\0682\sesión 19 - SOAP (2)\Back-End\SoftInvBusiness"/>
    <property name="java.vm.compressedOopsMode" value="Zero based"/>
    <property name="line.separator" value="&#10;"/>
    <property name="java.vm.specification.vendor" value="Oracle Corporation"/>
    <property name="java.specification.name" value="Java Platform API Specification"/>
    <property name="surefire.real.class.path" value="C:\Users\amelgar\AppData\Local\Temp\surefire7966262407834544468\surefirebooter-20251027084955777_3.jar"/>
    <property name="user.script" value=""/>
    <property name="sun.management.compiler" value="HotSpot 64-Bit Tiered Compilers"/>
    <property name="java.runtime.version" value="24.0.2+12-54"/>
    <property name="user.name" value="amelgar"/>
    <property name="stdout.encoding" value="Cp1252"/>
    <property name="path.separator" value=";"/>
    <property name="os.version" value="10.0"/>
    <property name="java.runtime.name" value="Java(TM) SE Runtime Environment"/>
    <property name="file.encoding" value="UTF-8"/>
    <property name="java.vm.name" value="Java HotSpot(TM) 64-Bit Server VM"/>
    <property name="maven.ext.class.path" value="C:\Program Files\netbeans\java\maven-nblib\netbeans-eventspy.jar"/>
    <property name="localRepository" value="C:\Users\amelgar\.m2\repository"/>
    <property name="java.vendor.url.bug" value="https://bugreport.java.com/bugreport/"/>
    <property name="java.io.tmpdir" value="C:\Users\amelgar\AppData\Local\Temp\"/>
    <property name="java.version" value="24.0.2"/>
    <property name="user.dir" value="D:\GitHubRepositorio\1INF30\0682\sesión 19 - SOAP (2)\Back-End\SoftInvBusiness"/>
    <property name="os.arch" value="amd64"/>
    <property name="java.vm.specification.name" value="Java Virtual Machine Specification"/>
    <property name="sun.os.patch.level" value=""/>
    <property name="native.encoding" value="Cp1252"/>
    <property name="java.library.path" value="C:\Program Files\Java\jdk-24\bin;C:\WINDOWS\Sun\Java\bin;C:\WINDOWS\system32;C:\WINDOWS;C:\Windows\Microsoft.NET\Framework64\v4.0.30319;C:\Program Files\Common Files\Oracle\Java\javapath;C:\Centuraprod;C:\Oracle12c\product\12.2.0\client_1\bin;C:\Program Files (x86)\Common Files\Oracle\Java\java8path;C:\Program Files (x86)\Common Files\Oracle\Java\javapath;C:\WINDOWS\system32;C:\WINDOWS;C:\WINDOWS\System32\Wbem;C:\WINDOWS\System32\WindowsPowerShell\v1.0\;C:\WINDOWS\System32\OpenSSH\;C:\instantclient12_odbc;C:\Program Files\dotnet\;C:\Program Files (x86)\NVIDIA Corporation\PhysX\Common;C:\Program Files\NVIDIA Corporation\NVIDIA App\NvDLISR;C:\Program Files\Microsoft SQL Server\150\Tools\Binn\;C:\Program Files\Microsoft SQL Server\Client SDK\ODBC\170\Tools\Binn\;C:\Program Files\Git\cmd;C:\Program Files (x86)\Microsoft SQL Server\160\Tools\Binn\;C:\Program Files\Microsoft SQL Server\160\Tools\Binn\;C:\Program Files\Microsoft SQL Server\160\DTS\Binn\;C:\Users\amelgar\AppData\Local\Microsoft\WindowsApps;C:\Users\amelgar\AppData\Local\GitHubDesktop\bin;C:\Users\amelgar\AppData\Local\Programs\MiKTeX\miktex\bin\x64\;C:\Users\amelgar\.dotnet\tools;."/>
    <property name="java.vm.info" value="mixed mode, sharing"/>
    <property name="stderr.encoding" value="Cp1252"/>
    <property name="java.vendor" value="Oracle Corporation"/>
    <property name="java.vm.version" value="24.0.2+12-54"/>
    <property name="sun.io.unicode.encoding" value="UnicodeLittle"/>
    <property name="java.class.version" value="68.0"/>
  </properties>
  <testcase name="testInsertar" classname="pe.edu.pucp.softinv.bo.TipoDocumentoBOTest" time="0.047">
    <system-out><![CDATA[insertar
INSERT INTO INV_TIPOS_DOCUMENTOS(TIPO_DOCUMENTO_ID, NOMBRE) VALUES (?, ?)
INSERT INTO INV_TIPOS_DOCUMENTOS(TIPO_DOCUMENTO_ID, NOMBRE) VALUES (?, ?)
DELETE FROM INV_TIPOS_DOCUMENTOS WHERE TIPO_DOCUMENTO_ID=?
DELETE FROM INV_TIPOS_DOCUMENTOS WHERE TIPO_DOCUMENTO_ID=?
]]></system-out>
  </testcase>
</testsuite>